Arguments: 
  /Users/atienda/.nvm/versions/node/v16.13.0/bin/node /Users/atienda/.nvm/versions/node/v16.13.0/bin/yarn add tsnode

PATH: 
  /Users/atienda/.jenv/shims:/opt/homebrew/opt/ruby/bin:/opt/homebrew/lib/ruby/gems/3.1.0/bin:/Library/Java/JavaVirtualMachines/zulu-8.jdk/Contents/Home/bin:/opt/homebrew/opt/gradle@6/bin:/opt/homebrew/opt/mysql@5.7/bin:/Users/atienda/.local/bin:/Users/atienda/miniforge3/condabin:/Library/Frameworks/Python.framework/Versions/2.7/bin:/Users/atienda/.nvm/versions/node/v16.13.0/bin:/opt/homebrew/bin:/opt/homebrew/sbin:/usr/local/bin:/usr/bin:/bin:/usr/sbin:/sbin:~/.local/bin:/usr/local/share/dotnet:/opt/X11/bin:~/.dotnet/tools:/Library/Apple/usr/bin:/Library/Frameworks/Mono.framework/Versions/Current/Commands:/Applications/Postgres.app/Contents/Versions/latest/bin:/Users/atienda/Library/Android/sdk/emulator:/Users/atienda/Library/Android/sdk/tools:/Users/atienda/Library/Android/sdk/tools/bin:/Users/atienda/Library/Android/sdk/platform-tools

Yarn version: 
  1.22.17

Node version: 
  16.13.0

Platform: 
  darwin arm64

Trace: 
  Error: https://registry.yarnpkg.com/tsnode: Not found
      at Request.params.callback [as _callback] (/Users/atienda/.nvm/versions/node/v16.13.0/lib/node_modules/yarn/lib/cli.js:67029:18)
      at Request.self.callback (/Users/atienda/.nvm/versions/node/v16.13.0/lib/node_modules/yarn/lib/cli.js:140883:22)
      at Request.emit (node:events:390:28)
      at Request.<anonymous> (/Users/atienda/.nvm/versions/node/v16.13.0/lib/node_modules/yarn/lib/cli.js:141855:10)
      at Request.emit (node:events:390:28)
      at IncomingMessage.<anonymous> (/Users/atienda/.nvm/versions/node/v16.13.0/lib/node_modules/yarn/lib/cli.js:141777:12)
      at Object.onceWrapper (node:events:509:28)
      at IncomingMessage.emit (node:events:402:35)
      at endReadableNT (node:internal/streams/readable:1343:12)
      at processTicksAndRejections (node:internal/process/task_queues:83:21)

npm manifest: 
  {
    "name": "typescript",
    "version": "1.0.0",
    "description": "",
    "main": "index.js",
    "scripts": {
      "test": "echo \"Error: no test specified\" && exit 1"
    },
    "repository": {
      "type": "git",
      "url": "git+https://github.com/afoone/typescript.git"
    },
    "author": "",
    "license": "ISC",
    "bugs": {
      "url": "https://github.com/afoone/typescript/issues"
    },
    "homepage": "https://github.com/afoone/typescript#readme",
    "devDependencies": {
      "typescript": "^4.7.3"
    }
  }

yarn manifest: 
  No manifest

Lockfile: 
  # THIS IS AN AUTOGENERATED FILE. DO NOT EDIT THIS FILE DIRECTLY.
  # yarn lockfile v1
  
  
  typescript@^4.7.3:
    version "4.7.3"
    resolved "https://registry.yarnpkg.com/typescript/-/typescript-4.7.3.tgz#8364b502d5257b540f9de4c40be84c98e23a129d"
    integrity sha512-WOkT3XYvrpXx4vMMqlD+8R8R37fZkjyLGlxavMc4iB8lrl8L0DeTcHbYgw/v0N/z9wAFsgBhcsF0ruoySS22mA==
